<?xml version="1.0" encoding="UTF-8"?>
<!-- Generated by org.testng.reporters.JUnitXMLReporter -->
<testsuite ignored="2" hostname="DESKTOP-QOQ0MIO" failures="0" tests="0"
	time="0.021" errors="0" timestamp="2024-02-03T17:59:11 BDT">
	<testcase classname="Meven.Framework_Practise.errorValidation"
		name="loginErrorValidation" time="0.0">
		<ignored />
	</testcase> <!-- loginErrorValidation -->
	<testcase classname="Meven.Framework_Practise.errorValidation"
		name="CartItemValodation" time="0.0">
		<ignored />
	</testcase> <!-- CartItemValodation -->
</testsuite>
